Daemon process terminated and closed the connection

Messages from the log:
[NX Daemon Server] - 2024-09-08T16:58:57.914Z - [REQUEST]: Responding to the client. File watch changed
[NX Daemon Server] - 2024-09-08T16:58:57.914Z - Done responding to the client File watch changed
[NX Daemon Server] - 2024-09-08T16:58:57.914Z - Handled FILE-WATCH-CHANGED. Handling time: 0. Response time: 0.
[NX Daemon Server] - 2024-09-08T16:58:57.915Z - Time taken for 'changed-projects' 0.05155300001206342ms
[NX Daemon Server] - 2024-09-08T16:58:57.965Z - [WATCHER]: .nx/workspace-data/d/daemon.log was modified
[NX Daemon Server] - 2024-09-08T16:58:57.965Z - [REQUEST]: Responding to the client. File watch changed
[NX Daemon Server] - 2024-09-08T16:58:57.965Z - Done responding to the client File watch changed
[NX Daemon Server] - 2024-09-08T16:58:57.966Z - Handled FILE-WATCH-CHANGED. Handling time: 0. Response time: 1.
[NX Daemon Server] - 2024-09-08T16:58:57.966Z - Time taken for 'changed-projects' 0.04121999999915715ms
[NX Daemon Server] - 2024-09-08T16:58:58.017Z - [WATCHER]: .nx/workspace-data/d/daemon.log was modified
[NX Daemon Server] - 2024-09-08T16:58:58.018Z - [REQUEST]: Responding to the client. File watch changed
[NX Daemon Server] - 2024-09-08T16:58:58.018Z - Done responding to the client File watch changed
[NX Daemon Server] - 2024-09-08T16:58:58.018Z - Handled FILE-WATCH-CHANGED. Handling time: 0. Response time: 0.
[NX Daemon Server] - 2024-09-08T16:58:58.018Z - Time taken for 'changed-projects' 0.03804600000148639ms
[NX Daemon Server] - 2024-09-08T16:58:58.071Z - [WATCHER]: .nx/workspace-data/d/daemon.log was modified
[NX Daemon Server] - 2024-09-08T16:58:58.071Z - [REQUEST]: Responding to the client. File watch changed
[NX Daemon Server] - 2024-09-08T16:58:58.071Z - Done responding to the client File watch changed
[NX Daemon Server] - 2024-09-08T16:58:58.071Z - Handled FILE-WATCH-CHANGED. Handling time: 0. Response time: 0.
[NX Daemon Server] - 2024-09-08T16:58:58.071Z - Time taken for 'changed-projects' 0.03809400000318419ms



More information: /home/foram/Documents/Nx/Expense-tracker/.nx/workspace-data/d/daemon.log